[01:36:25] [main/INFO] (FabricLoader/GameProvider) Loading Minecraft 1.19.2 with Fabric Loader 0.14.9
[01:36:25] [main/INFO] (FabricLoader) Loading 44 mods:
	- fabric-api 0.60.0+1.19.2
	- fabric-api-base 0.4.11+e62f51a390
	- fabric-api-lookup-api-v1 1.6.9+9ff28f4090
	- fabric-biome-api-v1 9.0.17+aeb40ebe90
	- fabric-blockrenderlayer-v1 1.1.20+aeb40ebe90
	- fabric-client-tags-api-v1 1.0.1+b35fea8390
	- fabric-command-api-v2 2.1.7+0c17ea9690
	- fabric-content-registries-v0 3.2.3+aeb40ebe90
	- fabric-convention-tags-v1 1.1.1+7cd20a1490
	- fabric-crash-report-info-v1 0.2.5+aeb40ebe90
	- fabric-data-generation-api-v1 5.1.8+a680b9b490
	- fabric-dimensions-v1 2.1.30+aeb40ebe90
	- fabric-entity-events-v1 1.4.18+9ff28f4090
	- fabric-events-interaction-v0 0.4.28+aeb40ebe90
	- fabric-game-rule-api-v1 1.0.21+aeb40ebe90
	- fabric-gametest-api-v1 1.0.35+e62f51a390
	- fabric-item-api-v1 1.5.7+35a03c4390
	- fabric-item-groups-v0 0.3.28+aeb40ebe90
	- fabric-key-binding-api-v1 1.0.20+aeb40ebe90
	- fabric-lifecycle-events-v1 2.1.2+aeb40ebe90
	- fabric-loot-api-v2 1.1.3+83a8659290
	- fabric-message-api-v1 5.0.3+176380a290
	- fabric-mining-level-api-v1 2.1.14+33fbc73890
	- fabric-models-v0 0.3.17+aeb40ebe90
	- fabric-networking-api-v1 1.2.4+5eb68ef290
	- fabric-object-builder-api-v1 4.0.11+aeb40ebe90
	- fabric-particles-v1 1.0.10+aeb40ebe90
	- fabric-registry-sync-v0 0.9.24+aeb40ebe90
	- fabric-renderer-api-v1 1.0.10+aeb40ebe90
	- fabric-renderer-indigo 0.6.12+aeb40ebe90
	- fabric-rendering-data-attachment-v1 0.3.14+aeb40ebe90
	- fabric-rendering-fluids-v1 3.0.7+aeb40ebe90
	- fabric-rendering-v1 1.10.16+aeb40ebe90
	- fabric-resource-conditions-api-v1 2.0.11+e62f51a390
	- fabric-resource-loader-v0 0.6.1+aeb40ebe90
	- fabric-screen-api-v1 1.0.26+f05effaf90
	- fabric-screen-handler-api-v1 1.2.13+9ff28f4090
	- fabric-textures-v0 1.0.20+aeb40ebe90
	- fabric-transfer-api-v1 2.0.11+83a8659290
	- fabric-transitive-access-wideners-v1 1.3.0+42d99c3290
	- fabricloader 0.14.9
	- immortality 0.0.1-1.19.2
	- java 17
	- minecraft 1.19.2
[01:36:26] [main/INFO] (FabricLoader/Mixin) SpongePowered MIXIN Subsystem Version=0.8.5 Source=file:/C:/Users/Leon/.gradle/caches/modules-2/files-2.1/net.fabricmc/sponge-mixin/0.11.4+mixin.0.8.5/c1dc27696aa4006e492c2485c9ccbcb26045a971/sponge-mixin-0.11.4+mixin.0.8.5.jar Service=Knot/Fabric Env=CLIENT
[01:36:26] [main/INFO] (FabricLoader/Mixin) Loaded Fabric development mappings for mixin remapper!
[01:36:26] [main/INFO] (FabricLoader/Mixin) Compatibility level set to JAVA_17
[01:36:27] [main/WARN] (FileUtil) Configuration conflict: there is more than one oshi.properties file on the classpath
[01:36:28] [main/WARN] (FileUtil) Configuration conflict: there is more than one oshi.architecture.properties file on the classpath
[01:36:28] [main/WARN] (PerfDataUtil) Failed to update counter. Error code: 0x800007D5
[01:36:28] [main/WARN] (PerfCounterQuery) Disabling further attempts to query Paging File.
[01:36:37] [main/INFO] (Minecraft) Building optimized datafixer
[01:36:42] [Render thread/INFO] (Minecraft) Environment: authHost='https://authserver.mojang.com', accountsHost='https://api.mojang.com', sessionHost='https://sessionserver.mojang.com', servicesHost='https://api.minecraftservices.com', name='PROD'
[01:36:43] [Render thread/ERROR] (fabric-screen-api-v1) Failed to verify authentication
com.mojang.authlib.exceptions.InvalidCredentialsException: Status: 401
	at com.mojang.authlib.exceptions.MinecraftClientHttpException.toAuthenticationException(MinecraftClientHttpException.java:56) ~[authlib-3.11.49.jar:?]
	at com.mojang.authlib.yggdrasil.YggdrasilUserApiService.fetchProperties(YggdrasilUserApiService.java:155) ~[authlib-3.11.49.jar:?]
	at com.mojang.authlib.yggdrasil.YggdrasilUserApiService.<init>(YggdrasilUserApiService.java:55) ~[authlib-3.11.49.jar:?]
	at com.mojang.authlib.yggdrasil.YggdrasilAuthenticationService.createUserApiService(YggdrasilAuthenticationService.java:161) ~[authlib-3.11.49.jar:?]
	at net.minecraft.client.MinecraftClient.createUserApiService(MinecraftClient.java:711) [minecraft-project-@-merged-named.jar:?]
	at net.minecraft.client.MinecraftClient.<init>(MinecraftClient.java:431) [minecraft-project-@-merged-named.jar:?]
	at net.minecraft.client.main.Main.main(Main.java:205) [minecraft-project-@-merged-named.jar:?]
	at net.minecraft.client.main.Main.main(Main.java:51) [minecraft-project-@-merged-named.jar:?]
	at net.fabricmc.loader.impl.game.minecraft.MinecraftGameProvider.launch(MinecraftGameProvider.java:461) [fabric-loader-0.14.9.jar:?]
	at net.fabricmc.loader.impl.launch.knot.Knot.launch(Knot.java:74) [fabric-loader-0.14.9.jar:?]
	at net.fabricmc.loader.impl.launch.knot.KnotClient.main(KnotClient.java:23) [fabric-loader-0.14.9.jar:?]
	at net.fabricmc.devlaunchinjector.Main.main(Main.java:86) [dev-launch-injector-0.2.1+build.8.jar:?]
Caused by: com.mojang.authlib.exceptions.MinecraftClientHttpException: Status: 401
	at com.mojang.authlib.minecraft.client.MinecraftClient.readInputStream(MinecraftClient.java:87) ~[authlib-3.11.49.jar:?]
	at com.mojang.authlib.minecraft.client.MinecraftClient.get(MinecraftClient.java:48) ~[authlib-3.11.49.jar:?]
	at com.mojang.authlib.yggdrasil.YggdrasilUserApiService.fetchProperties(YggdrasilUserApiService.java:129) ~[authlib-3.11.49.jar:?]
	... 10 more
[01:36:43] [Render thread/INFO] (fabric-screen-api-v1) Setting user: Player706
[01:36:43] [Render thread/INFO] (Indigo) [Indigo] Registering Indigo renderer!
[01:36:45] [Render thread/INFO] (fabric-screen-api-v1) Backend library: LWJGL version 3.3.1 SNAPSHOT
[01:36:47] [Worker-Main-16/ERROR] (Minecraft) Failed to retrieve profile key pair
java.io.IOException: Could not retrieve profile key pair
	at net.minecraft.client.util.ProfileKeys.fetchKeyPair(ProfileKeys.java:130) ~[minecraft-project-@-merged-named.jar:?]
	at net.minecraft.client.util.ProfileKeys.method_44291(ProfileKeys.java:69) ~[minecraft-project-@-merged-named.jar:?]
	at java.util.concurrent.CompletableFuture$AsyncSupply.run(CompletableFuture.java:1768) [?:?]
	at java.util.concurrent.CompletableFuture$AsyncSupply.exec(CompletableFuture.java:1760) [?:?]
	at java.util.concurrent.ForkJoinTask.doExec(ForkJoinTask.java:373) [?:?]
	at java.util.concurrent.ForkJoinPool$WorkQueue.topLevelExec(ForkJoinPool.java:1182) [?:?]
	at java.util.concurrent.ForkJoinPool.scan(ForkJoinPool.java:1655) [?:?]
	at java.util.concurrent.ForkJoinPool.runWorker(ForkJoinPool.java:1622) [?:?]
	at java.util.concurrent.ForkJoinWorkerThread.run(ForkJoinWorkerThread.java:165) [?:?]
[01:36:47] [Render thread/INFO] (Minecraft) Narrator library for x64 successfully loaded
[01:36:47] [Render thread/INFO] (Minecraft) Reloading ResourceManager: Default, Fabric Mods (Immortality, Fabric Renderer - Indigo, Fabric Item Groups (v0), Fabric Lifecycle Events (v1), Fabric Screen Handler API (v1), Fabric Entity Events (v1), Fabric Object Builder API (v1), Fabric Loader, Fabric Key Binding API (v1), Fabric Rendering Fluids (v1), Fabric Loot API (v2), Fabric API, Fabric Dimensions API (v1), Fabric API Base, Fabric Game Rule API (v1), Fabric Models (v0), Fabric Transfer API (v1), Fabric Particles (v1), Fabric Mining Level API (v1), Fabric Rendering (v1), Fabric Client Tags, Fabric Registry Sync (v0), Fabric Crash Report Info (v1), Fabric Biome API (v1), Fabric Events Interaction (v0), Fabric Message API (v1), Fabric Resource Loader (v0), Fabric Resource Conditions API (v1), Fabric Content Registries (v0), Fabric Screen API (v1), Fabric Transitive Access Wideners (v1), Fabric Networking API (v1), Fabric Textures (v0), Fabric API Lookup API (v1), Fabric Data Generation API (v1), Fabric Command API (v2), Fabric Rendering Data Attachment (v1), Fabric BlockRenderLayer Registration (v1), Fabric Item API (v1), Fabric Renderer API (v1), Fabric Game Test API (v1), Fabric Convention Tags)
[01:36:48] [Render thread/INFO] (immortality) This line is printed by an example mod mixin!
[01:36:48] [Realms Notification Availability checker #1/INFO] (Minecraft) Could not authorize you against Realms server: Invalid session id
[01:36:52] [Render thread/WARN] (Minecraft) Missing sound for event: minecraft:item.goat_horn.play
[01:36:52] [Render thread/WARN] (Minecraft) Missing sound for event: minecraft:entity.goat.screaming.horn_break
[01:36:52] [Render thread/INFO] (Minecraft) OpenAL initialized on device OpenAL Soft on Kopfhörer (5- CORSAIR VOID ELITE Wireless Gaming Headset)
[01:36:52] [Render thread/INFO] (Minecraft) Sound engine started
[01:36:52] [Render thread/INFO] (Minecraft) Created: 1024x1024x4 minecraft:textures/atlas/blocks.png-atlas
[01:36:52] [Render thread/INFO] (Minecraft) Created: 256x128x4 minecraft:textures/atlas/signs.png-atlas
[01:36:52] [Render thread/INFO] (Minecraft) Created: 1024x512x4 minecraft:textures/atlas/banner_patterns.png-atlas
[01:36:52] [Render thread/INFO] (Minecraft) Created: 1024x512x4 minecraft:textures/atlas/shield_patterns.png-atlas
[01:36:52] [Render thread/INFO] (Minecraft) Created: 256x256x4 minecraft:textures/atlas/chest.png-atlas
[01:36:52] [Render thread/INFO] (Minecraft) Created: 512x256x4 minecraft:textures/atlas/beds.png-atlas
[01:36:52] [Render thread/INFO] (Minecraft) Created: 512x256x4 minecraft:textures/atlas/shulker_boxes.png-atlas
[01:36:54] [Render thread/WARN] (Minecraft) Shader rendertype_entity_translucent_emissive could not find sampler named Sampler2 in the specified shader program.
[01:36:54] [Render thread/INFO] (Minecraft) Created: 512x256x0 minecraft:textures/atlas/particles.png-atlas
[01:36:54] [Render thread/INFO] (Minecraft) Created: 256x256x0 minecraft:textures/atlas/paintings.png-atlas
[01:36:54] [Render thread/INFO] (Minecraft) Created: 256x128x0 minecraft:textures/atlas/mob_effects.png-atlas
[01:36:54] [Render thread/INFO] (immortality) This line is printed by an example mod mixin!
[01:37:02] [Render thread/INFO] (Minecraft) Loaded 7 recipes
[01:37:02] [Render thread/INFO] (Minecraft) Loaded 1179 advancements
[01:37:04] [Worker-Bootstrap-4/INFO] (Minecraft) 4283 Datafixer optimizations took 27039 milliseconds
[01:37:11] [Render thread/INFO] (Minecraft) Loaded 7 recipes
[01:37:11] [Render thread/INFO] (Minecraft) Loaded 1179 advancements
[01:37:12] [Worker-Main-25/ERROR] (Minecraft) Failed to retrieve profile key pair
java.io.IOException: Could not retrieve profile key pair
	at net.minecraft.client.util.ProfileKeys.fetchKeyPair(ProfileKeys.java:130) ~[minecraft-project-@-merged-named.jar:?]
	at net.minecraft.client.util.ProfileKeys.method_44291(ProfileKeys.java:69) ~[minecraft-project-@-merged-named.jar:?]
	at java.util.concurrent.CompletableFuture$AsyncSupply.run(CompletableFuture.java:1768) [?:?]
	at java.util.concurrent.CompletableFuture$AsyncSupply.exec(CompletableFuture.java:1760) [?:?]
	at java.util.concurrent.ForkJoinTask.doExec(ForkJoinTask.java:373) [?:?]
	at java.util.concurrent.ForkJoinPool$WorkQueue.topLevelExec(ForkJoinPool.java:1182) [?:?]
	at java.util.concurrent.ForkJoinPool.scan(ForkJoinPool.java:1655) [?:?]
	at java.util.concurrent.ForkJoinPool.runWorker(ForkJoinPool.java:1622) [?:?]
	at java.util.concurrent.ForkJoinWorkerThread.run(ForkJoinWorkerThread.java:165) [?:?]
[01:37:12] [Render thread/INFO] (BiomeModificationImpl) Applied 0 biome modifications to 0 of 63 new biomes in 3.986 ms
[01:37:12] [Server thread/INFO] (Minecraft) Starting integrated minecraft server version 1.19.2
[01:37:12] [Server thread/INFO] (Minecraft) Generating keypair
[01:37:25] [Server thread/INFO] (Minecraft) Preparing start region for dimension minecraft:overworld
[01:37:25] [Render thread/INFO] (Minecraft) Preparing spawn area: 0%
[01:37:25] [Render thread/INFO] (Minecraft) Preparing spawn area: 0%
[01:37:26] [Render thread/INFO] (Minecraft) Preparing spawn area: 0%
[01:37:26] [Render thread/INFO] (Minecraft) Preparing spawn area: 0%
[01:37:27] [Render thread/INFO] (Minecraft) Preparing spawn area: 1%
[01:37:27] [Render thread/INFO] (Minecraft) Preparing spawn area: 3%
[01:37:28] [Render thread/INFO] (Minecraft) Preparing spawn area: 5%
[01:37:28] [Render thread/INFO] (Minecraft) Preparing spawn area: 7%
[01:37:29] [Render thread/INFO] (Minecraft) Preparing spawn area: 11%
[01:37:29] [Render thread/INFO] (Minecraft) Preparing spawn area: 13%
[01:37:30] [Render thread/INFO] (Minecraft) Preparing spawn area: 16%
[01:37:30] [Render thread/INFO] (Minecraft) Preparing spawn area: 19%
[01:37:31] [Render thread/INFO] (Minecraft) Preparing spawn area: 23%
[01:37:31] [Render thread/INFO] (Minecraft) Preparing spawn area: 27%
[01:37:32] [Render thread/INFO] (Minecraft) Preparing spawn area: 29%
[01:37:32] [Render thread/INFO] (Minecraft) Preparing spawn area: 32%
[01:37:33] [Render thread/INFO] (Minecraft) Preparing spawn area: 36%
[01:37:33] [Render thread/INFO] (Minecraft) Preparing spawn area: 40%
[01:37:34] [Render thread/INFO] (Minecraft) Preparing spawn area: 44%
[01:37:34] [Render thread/INFO] (Minecraft) Preparing spawn area: 48%
[01:37:35] [Render thread/INFO] (Minecraft) Preparing spawn area: 51%
[01:37:35] [Render thread/INFO] (Minecraft) Preparing spawn area: 55%
[01:37:36] [Render thread/INFO] (Minecraft) Preparing spawn area: 59%
[01:37:36] [Render thread/INFO] (Minecraft) Preparing spawn area: 62%
[01:37:37] [Render thread/INFO] (Minecraft) Preparing spawn area: 68%
[01:37:37] [Render thread/INFO] (Minecraft) Preparing spawn area: 72%
[01:37:38] [Render thread/INFO] (Minecraft) Preparing spawn area: 75%
[01:37:38] [Render thread/INFO] (Minecraft) Preparing spawn area: 80%
[01:37:39] [Render thread/INFO] (Minecraft) Preparing spawn area: 83%
[01:37:39] [Render thread/INFO] (Minecraft) Preparing spawn area: 86%
[01:37:40] [Render thread/INFO] (Minecraft) Preparing spawn area: 92%
[01:37:40] [Render thread/INFO] (Minecraft) Preparing spawn area: 96%
[01:37:40] [Render thread/INFO] (Minecraft) Time elapsed: 15741 ms
[01:37:40] [Server thread/INFO] (Minecraft) Changing view distance to 12, from 10
[01:37:40] [Server thread/INFO] (Minecraft) Changing simulation distance to 12, from 0
[01:37:42] [Server thread/INFO] (Minecraft) Player706[local:E:5b4a31f4] logged in with entity id 266 at (-5.5, 67.0, 23.5)
[01:37:42] [Server thread/INFO] (Minecraft) Player706 joined the game
[01:37:43] [Render thread/INFO] (Minecraft) Loaded 0 advancements
[01:37:49] [Server thread/INFO] (Minecraft) Saving and pausing game...
[01:37:49] [Server thread/INFO] (Minecraft) Saving chunks for level 'ServerLevel[New World]'/minecraft:overworld
[01:37:49] [Server thread/INFO] (Minecraft) Saving chunks for level 'ServerLevel[New World]'/minecraft:the_nether
[01:37:49] [Server thread/INFO] (Minecraft) Saving chunks for level 'ServerLevel[New World]'/minecraft:the_end
[01:38:03] [Server thread/INFO] (Minecraft) Saving and pausing game...
[01:38:03] [Server thread/INFO] (Minecraft) Saving chunks for level 'ServerLevel[New World]'/minecraft:overworld
[01:38:03] [Server thread/INFO] (Minecraft) Saving chunks for level 'ServerLevel[New World]'/minecraft:the_nether
[01:38:03] [Server thread/INFO] (Minecraft) Saving chunks for level 'ServerLevel[New World]'/minecraft:the_end
[01:38:45] [Server thread/INFO] (Minecraft) [Not Secure] <Player706> t
[01:38:45] [Render thread/INFO] (Minecraft) [CHAT] <Player706> t
[01:38:47] [Server thread/INFO] (Minecraft) Saving and pausing game...
[01:38:47] [Server thread/INFO] (Minecraft) Saving chunks for level 'ServerLevel[New World]'/minecraft:overworld
[01:38:47] [Server thread/INFO] (Minecraft) Saving chunks for level 'ServerLevel[New World]'/minecraft:the_nether
[01:38:47] [Server thread/INFO] (Minecraft) Saving chunks for level 'ServerLevel[New World]'/minecraft:the_end
[01:38:47] [Server thread/INFO] (Minecraft) Player706 lost connection: Disconnected
[01:38:47] [Server thread/INFO] (Minecraft) Player706 left the game
[01:38:47] [Server thread/INFO] (Minecraft) Stopping singleplayer server as player logged out
[01:38:47] [Server thread/INFO] (Minecraft) Stopping server
[01:38:47] [Server thread/INFO] (Minecraft) Saving players
[01:38:47] [Server thread/INFO] (Minecraft) Saving worlds
[01:38:48] [Server thread/INFO] (Minecraft) Saving chunks for level 'ServerLevel[New World]'/minecraft:overworld
[01:38:53] [Server thread/INFO] (Minecraft) Saving chunks for level 'ServerLevel[New World]'/minecraft:the_nether
[01:38:53] [Server thread/INFO] (Minecraft) Saving chunks for level 'ServerLevel[New World]'/minecraft:the_end
[01:38:53] [Server thread/INFO] (Minecraft) ThreadedAnvilChunkStorage (New World): All chunks are saved
[01:38:53] [Server thread/INFO] (Minecraft) ThreadedAnvilChunkStorage (DIM-1): All chunks are saved
[01:38:53] [Server thread/INFO] (Minecraft) ThreadedAnvilChunkStorage (DIM1): All chunks are saved
[01:38:53] [Server thread/INFO] (Minecraft) ThreadedAnvilChunkStorage: All dimensions are saved
[01:38:53] [Render thread/INFO] (immortality) This line is printed by an example mod mixin!
[01:39:02] [Render thread/INFO] (fabric-screen-api-v1) Stopping!
